Error: 'AppState' object has no attribute 'nav_down'
Error: 'AppState' object has no attribute 'nav_down'
Error: 'AppState' object has no attribute 'nav_down'
Error: 'AppState' object has no attribute 'toki_balance'
Error: 'AppState' object has no attribute 'toki_balance'
Error: TaskManager.create_task() missing 3 required positional arguments: 'toki_value', 'eddies_value', and 'difficulty'
Error: not enough values to unpack (expected 4, got 3)
Error: cannot access local variable 'option' where it is not associated with a value
Error: cannot access local variable 'option' where it is not associated with a value
Error: cannot access local variable 'option' where it is not associated with a value
Error: TaskManager.create_task() missing 1 required positional argument: 'toki_value'
Traceback (most recent call last):
  File "/home/aditauqir/Documents/Study/hACK/Zaman_2nd_attempt/main.py", line 63, in main
    task = state.task_manager.create_task(
        description=desc,
    ...<2 lines>...
        difficulty=diff
    )
TypeError: TaskManager.create_task() missing 1 required positional argument: 'toki_value'

Error: not enough values to unpack (expected 3, got 2)
Traceback (most recent call last):
  File "/home/aditauqir/Documents/Study/hACK/Zaman_2nd_attempt/main.py", line 56, in main
    desc, eddies, diff = task_ui.get_task_input(state)
    ^^^^^^^^^^^^^^^^^^
ValueError: not enough values to unpack (expected 3, got 2)

Error: AppState.validate_task_input() missing 1 required positional argument: 'difficulty'
Traceback (most recent call last):
  File "/home/aditauqir/Documents/Study/hACK/Zaman_2nd_attempt/main.py", line 60, in main
    valid, msg = state.validate_task_input(eddies)
                 ~~~~~~~~~~~~~~~~~~~~~~~~~^^^^^^^^
TypeError: AppState.validate_task_input() missing 1 required positional argument: 'difficulty'

Error: TaskManager.create_task() missing 2 required positional arguments: 'toki_value' and 'difficulty'
Traceback (most recent call last):
  File "/home/aditauqir/Documents/Study/hACK/Zaman_2nd_attempt/main.py", line 59, in main
    task = state.task_manager.create_task(
        description=desc,
        creator=state.username,
        eddies_value=eddies
    )
TypeError: TaskManager.create_task() missing 2 required positional arguments: 'toki_value' and 'difficulty'

Error: TaskManager.create_task() missing 2 required positional arguments: 'toki_value' and 'difficulty'
Traceback (most recent call last):
  File "/home/aditauqir/Documents/Study/hACK/Zaman_2nd_attempt/main.py", line 59, in main
    task = state.task_manager.create_task(
        description=desc,
        creator=state.username,
        eddies_value=eddies
    )
TypeError: TaskManager.create_task() missing 2 required positional arguments: 'toki_value' and 'difficulty'

Error: TaskManager.create_task() missing 1 required positional argument: 'toki_value'
Traceback (most recent call last):
  File "/home/aditauqir/Documents/Study/hACK/Zaman_2nd_attempt/main.py", line 59, in main
    task = state.task_manager.create_task(
        description=desc,
        creator=state.username,
        eddies_value=eddies
    )
TypeError: TaskManager.create_task() missing 1 required positional argument: 'toki_value'

Error: 'value'
Traceback (most recent call last):
  File "/home/aditauqir/Documents/Study/hACK/Zaman_2nd_attempt/main.py", line 70, in main
    ui.handle_browse_tasks(state)
    ~~~~~~~~~~~~~~~~~~~~~~^^^^^^^
  File "/home/aditauqir/Documents/Study/hACK/Zaman_2nd_attempt/modules/ui.py", line 207, in handle_browse_tasks
    f"   Reward: {task['value']['toki']} toki | "
                  ~~~~^^^^^^^^^
KeyError: 'value'

Error: 'reward'
Traceback (most recent call last):
  File "/home/aditauqir/Documents/Study/hACK/Zaman_2nd_attempt/main.py", line 70, in main
    ui.handle_browse_tasks(state)
    ~~~~~~~~~~~~~~~~~~~~~~^^^^^^^
  File "/home/aditauqir/Documents/Study/hACK/Zaman_2nd_attempt/modules/ui.py", line 208, in handle_browse_tasks
    f"   Reward: {task['reward']} eddies | "
                  ~~~~^^^^^^^^^^
KeyError: 'reward'

Error: 'reward'
Traceback (most recent call last):
  File "/home/aditauqir/Documents/Study/hACK/Zaman_2nd_attempt/main.py", line 70, in main
    ui.handle_browse_tasks(state)
    ~~~~~~~~~~~~~~~~~~~~~~^^^^^^^
  File "/home/aditauqir/Documents/Study/hACK/Zaman_2nd_attempt/modules/ui.py", line 208, in handle_browse_tasks
    f"   Reward: {task['reward']} eddies | "
                  ~~~~^^^^^^^^^^
KeyError: 'reward'

Error: 'eddies_value'
Traceback (most recent call last):
  File "/home/aditauqir/Documents/Study/hACK/Zaman_2nd_attempt/main.py", line 70, in main
    ui.handle_browse_tasks(state)
    ~~~~~~~~~~~~~~~~~~~~~~^^^^^^^
  File "/home/aditauqir/Documents/Study/hACK/Zaman_2nd_attempt/modules/ui.py", line 208, in handle_browse_tasks
    f"   Reward: {task['eddies_value']} eddies | "
                  ~~~~^^^^^^^^^^^^^^^^
KeyError: 'eddies_value'

Error: 'reward'
Traceback (most recent call last):
  File "/home/aditauqir/Documents/Study/hACK/Zaman_2nd_attempt/main.py", line 70, in main
    ui.handle_browse_tasks(state)
    ~~~~~~~~~~~~~~~~~~~~~~^^^^^^^
  File "/home/aditauqir/Documents/Study/hACK/Zaman_2nd_attempt/modules/ui.py", line 208, in handle_browse_tasks
    f"   Reward: {task['reward']} eddies | "
                  ~~~~^^^^^^^^^^
KeyError: 'reward'

Error: 'reward'
Traceback (most recent call last):
  File "/home/aditauqir/Documents/Study/hACK/Zaman_2nd_attempt/main.py", line 70, in main
    ui.handle_browse_tasks(state)
    ~~~~~~~~~~~~~~~~~~~~~~^^^^^^^
  File "/home/aditauqir/Documents/Study/hACK/Zaman_2nd_attempt/modules/ui.py", line 208, in handle_browse_tasks
    f"   Reward: {task['reward']} eddies | "
                  ~~~~^^^^^^^^^^
KeyError: 'reward'

Error: 'reward'
Traceback (most recent call last):
  File "/home/aditauqir/Documents/Study/hACK/Zaman_2nd_attempt/main.py", line 70, in main
    ui.handle_browse_tasks(state)
    ~~~~~~~~~~~~~~~~~~~~~~^^^^^^^
  File "/home/aditauqir/Documents/Study/hACK/Zaman_2nd_attempt/modules/ui.py", line 219, in handle_browse_tasks
    reward = state.task_manager.complete_task(task_id, state.username)
  File "/home/aditauqir/Documents/Study/hACK/Zaman_2nd_attempt/modules/task_manager.py", line 59, in complete_task
    return task['reward']
           ~~~~^^^^^^^^^^
KeyError: 'reward'

Error: 'reward'
Traceback (most recent call last):
  File "/home/aditauqir/Documents/Study/hACK/Zaman_2nd_attempt/main.py", line 70, in main
    ui.handle_browse_tasks(state)
    ~~~~~~~~~~~~~~~~~~~~~~^^^^^^^
  File "/home/aditauqir/Documents/Study/hACK/Zaman_2nd_attempt/modules/ui.py", line 208, in handle_browse_tasks
    f"   Reward: {task['reward']} eddies | "
                  ~~~~^^^^^^^^^^
KeyError: 'reward'

Error: 'reward'
Traceback (most recent call last):
  File "/home/aditauqir/Documents/Study/hACK/Zaman_2nd_attempt/main.py", line 72, in main
    browse_ui.display_tasks(state.task_manager, state)
    ~~~~~~~~~~~~~~~~~~~~~~~^^^^^^^^^^^^^^^^^^^^^^^^^^^
  File "/home/aditauqir/Documents/Study/hACK/Zaman_2nd_attempt/modules/browse_tasks.py", line 39, in display_tasks
    f"   Reward: {task['reward']} eddies | "
                  ~~~~^^^^^^^^^^
KeyError: 'reward'

Error: 'reward'
Traceback (most recent call last):
  File "/home/aditauqir/Documents/Study/hACK/Zaman_2nd_attempt/main.py", line 72, in main
    browse_ui.display_tasks(state.task_manager, state)
    ~~~~~~~~~~~~~~~~~~~~~~~^^^^^^^^^^^^^^^^^^^^^^^^^^^
  File "/home/aditauqir/Documents/Study/hACK/Zaman_2nd_attempt/modules/browse_tasks.py", line 39, in display_tasks
    f"   Reward: {task['reward']} eddies | "
                  ~~~~^^^^^^^^^^
KeyError: 'reward'

Error: 'reward'
Traceback (most recent call last):
  File "/home/aditauqir/Documents/Study/hACK/Zaman_2nd_attempt/main.py", line 77, in main
    browse_ui.display()
    ~~~~~~~~~~~~~~~~~^^
  File "/home/aditauqir/Documents/Study/hACK/Zaman_2nd_attempt/modules/browse_tasks.py", line 53, in display
    f"Reward: {task['reward']} eddies | Creator: {task['creator']}",
               ~~~~^^^^^^^^^^
KeyError: 'reward'

Error: TaskManager.create_task() got an unexpected keyword argument 'eddies_value'
Traceback (most recent call last):
  File "/home/aditauqir/Documents/Study/hACK/Zaman_2nd_attempt/main.py", line 62, in main
    task = state.task_manager.create_task(
    description=desc,
    creator=state.username,
    eddies_value=eddies  # Only passing eddies_value now
    )
TypeError: TaskManager.create_task() got an unexpected keyword argument 'eddies_value'

Error: 'AppState' object has no attribute 'FEE_RATE'
Traceback (most recent call last):
  File "/home/aditauqir/Documents/Study/hACK/Zaman_2nd_attempt/main.py", line 58, in main
    ui.handle_cash_out(state)
    ~~~~~~~~~~~~~~~~~~^^^^^^^
  File "/home/aditauqir/Documents/Study/hACK/Zaman_2nd_attempt/modules/ui.py", line 149, in handle_cash_out
    success, message = state.cash_out(amount)
                       ~~~~~~~~~~~~~~^^^^^^^^
  File "/home/aditauqir/Documents/Study/hACK/Zaman_2nd_attempt/modules/state.py", line 85, in cash_out
    fee = round(amount * self.FEE_RATE, 2)
                         ^^^^^^^^^^^^^
AttributeError: 'AppState' object has no attribute 'FEE_RATE'

